<?xml version="1.0" encoding="UTF-8"?>
<!-- Generated by org.testng.reporters.JUnitReportReporter -->
<testsuite hostname="DHANRAJ" failures="0" tests="3" name="API_AutomationFirst.API_AutomationFirst.OrderBooking" time="5.063" errors="0" timestamp="2022-10-02T10:15:08 IST" skipped="0">
  <testcase classname="API_AutomationFirst.API_AutomationFirst.OrderBooking" name="ProductList" time="0.814"/>
  <system-out/>
  <testcase classname="API_AutomationFirst.API_AutomationFirst.OrderBooking" name="GetAccessToken" time="3.865"/>
  <system-out/>
  <testcase classname="API_AutomationFirst.API_AutomationFirst.OrderBooking" name="ServiceabilityCheck" time="0.384"/>
  <system-out/>
</testsuite> <!-- API_AutomationFirst.API_AutomationFirst.OrderBooking -->
